1560341297887	mozrunner::runner	INFO	Running command: "/usr/bin/firefox" "-marionette" "-foreground" "-no-remote" "-profile" "/tmp/rust_mozprofile.9LDx3saM6wIN"
1560341299448	addons.webextension.screenshots@mozilla.org	WARN	Loading extension 'screenshots@mozilla.org': Reading manifest: Invalid extension permission: mozillaAddons
1560341299449	addons.webextension.screenshots@mozilla.org	WARN	Loading extension 'screenshots@mozilla.org': Reading manifest: Invalid extension permission: resource://pdf.js/
1560341299449	addons.webextension.screenshots@mozilla.org	WARN	Loading extension 'screenshots@mozilla.org': Reading manifest: Invalid extension permission: about:reader*
1560341305756	Marionette	INFO	Listening on port 34053
1560341305847	Marionette	WARN	TLS certificate errors will be ignored for this session
1560341602896	mozrunner::runner	INFO	Running command: "/usr/bin/firefox" "-marionette" "-foreground" "-no-remote" "-profile" "/tmp/rust_mozprofile.fripNlr7VhMD"
1560341603772	addons.webextension.screenshots@mozilla.org	WARN	Loading extension 'screenshots@mozilla.org': Reading manifest: Invalid extension permission: mozillaAddons
1560341603773	addons.webextension.screenshots@mozilla.org	WARN	Loading extension 'screenshots@mozilla.org': Reading manifest: Invalid extension permission: resource://pdf.js/
1560341603773	addons.webextension.screenshots@mozilla.org	WARN	Loading extension 'screenshots@mozilla.org': Reading manifest: Invalid extension permission: about:reader*
1560341608562	Marionette	INFO	Listening on port 39347
1560341608640	Marionette	WARN	TLS certificate errors will be ignored for this session
1560341615593	Marionette	INFO	Stopped listening on port 34053
1560341708536	Marionette	INFO	Stopped listening on port 39347
1560341862083	mozrunner::runner	INFO	Running command: "/usr/bin/firefox" "-marionette" "-foreground" "-no-remote" "-profile" "/tmp/rust_mozprofile.ouC3WQgP6Zdo"
1560341862968	addons.webextension.screenshots@mozilla.org	WARN	Loading extension 'screenshots@mozilla.org': Reading manifest: Invalid extension permission: mozillaAddons
1560341862969	addons.webextension.screenshots@mozilla.org	WARN	Loading extension 'screenshots@mozilla.org': Reading manifest: Invalid extension permission: resource://pdf.js/
1560341862969	addons.webextension.screenshots@mozilla.org	WARN	Loading extension 'screenshots@mozilla.org': Reading manifest: Invalid extension permission: about:reader*
1560341867532	Marionette	INFO	Listening on port 37157
1560341867609	Marionette	WARN	TLS certificate errors will be ignored for this session
1560342369039	mozrunner::runner	INFO	Running command: "/usr/bin/firefox" "-marionette" "-foreground" "-no-remote" "-profile" "/tmp/rust_mozprofile.P3MuLYHjPsUV"
1560342369867	addons.webextension.screenshots@mozilla.org	WARN	Loading extension 'screenshots@mozilla.org': Reading manifest: Invalid extension permission: mozillaAddons
1560342369868	addons.webextension.screenshots@mozilla.org	WARN	Loading extension 'screenshots@mozilla.org': Reading manifest: Invalid extension permission: resource://pdf.js/
1560342369868	addons.webextension.screenshots@mozilla.org	WARN	Loading extension 'screenshots@mozilla.org': Reading manifest: Invalid extension permission: about:reader*
1560342374754	Marionette	INFO	Listening on port 40149
1560342374810	Marionette	WARN	TLS certificate errors will be ignored for this session
1560342402128	Marionette	INFO	Stopped listening on port 37157
[Parent 14776, Gecko_IOThread] WARNING: pipe error (70): Connection reset by peer: file /build/firefox-OLGGCZ/firefox-66.0.5+build1/ipc/chromium/src/chrome/common/ipc_channel_posix.cc, line 357
1560342403855	Marionette	INFO	Stopped listening on port 40149
1560342468107	mozrunner::runner	INFO	Running command: "/usr/bin/firefox" "-marionette" "-foreground" "-no-remote" "-profile" "/tmp/rust_mozprofile.JB8VVPvUoRZD"
1560342468959	addons.webextension.screenshots@mozilla.org	WARN	Loading extension 'screenshots@mozilla.org': Reading manifest: Invalid extension permission: mozillaAddons
1560342468960	addons.webextension.screenshots@mozilla.org	WARN	Loading extension 'screenshots@mozilla.org': Reading manifest: Invalid extension permission: resource://pdf.js/
1560342468960	addons.webextension.screenshots@mozilla.org	WARN	Loading extension 'screenshots@mozilla.org': Reading manifest: Invalid extension permission: about:reader*
1560342473656	Marionette	INFO	Listening on port 38881
1560342473777	Marionette	WARN	TLS certificate errors will be ignored for this session
console.error: BroadcastService: 
  receivedBroadcastMessage: handler for
  remote-settings/monitor_changes
  threw error:
  Message: Error: Polling for changes failed: NetworkError when attempting to fetch resource..
  Stack:
    remoteSettingsFunction/remoteSettings.pollChanges@resource://services-settings/remote-settings.js:190:13

1560343053113	mozrunner::runner	INFO	Running command: "/usr/bin/firefox" "-marionette" "-foreground" "-no-remote" "-profile" "/tmp/rust_mozprofile.swBZKo8M5Anb"
1560343054013	addons.webextension.screenshots@mozilla.org	WARN	Loading extension 'screenshots@mozilla.org': Reading manifest: Invalid extension permission: mozillaAddons
1560343054014	addons.webextension.screenshots@mozilla.org	WARN	Loading extension 'screenshots@mozilla.org': Reading manifest: Invalid extension permission: resource://pdf.js/
1560343054015	addons.webextension.screenshots@mozilla.org	WARN	Loading extension 'screenshots@mozilla.org': Reading manifest: Invalid extension permission: about:reader*
1560343058595	Marionette	INFO	Listening on port 32803
1560343058687	Marionette	WARN	TLS certificate errors will be ignored for this session
1560343064390	Marionette	INFO	Stopped listening on port 38881
JavaScript error: chrome://marionette/content/driver.js, line 1291: TypeError: WeakMap key must be an object, got undefined
1560343185688	Marionette	ERROR	[37] No reply from Marionette:Register
JavaScript error: chrome://marionette/content/listener.js, line 459: TypeError: reply[0] is undefined
JavaScript error: chrome://global/content/elements/browser-custom-element.js, line 1086: uncaught exception: 2147500033
JavaScript error: chrome://global/content/elements/browser-custom-element.js, line 1086: uncaught exception: 2147500033
1560343188147	Marionette	ERROR	[6442450947] No reply from Marionette:Register
JavaScript error: chrome://marionette/content/listener.js, line 459: TypeError: reply[0] is undefined
1560343188208	Marionette	ERROR	[6442450949] No reply from Marionette:Register
JavaScript error: chrome://marionette/content/listener.js, line 459: TypeError: reply[0] is undefined
JavaScript warning: resource://devtools/client/shared/demangle.js, line 0: Successfully compiled asm.js code (total compilation time 208ms)
console.error: "_refreshProcess of computed view cancelled"
console.error: BroadcastService: 
  receivedBroadcastMessage: handler for
  remote-settings/monitor_changes
  threw error:
  Message: Error: Polling for changes failed: NetworkError when attempting to fetch resource..
  Stack:
    remoteSettingsFunction/remoteSettings.pollChanges@resource://services-settings/remote-settings.js:190:13

1560345054782	mozrunner::runner	INFO	Running command: "/usr/bin/firefox" "-marionette" "-foreground" "-no-remote" "-profile" "/tmp/rust_mozprofile.pokPgrTgA4PF"
1560345055680	addons.webextension.screenshots@mozilla.org	WARN	Loading extension 'screenshots@mozilla.org': Reading manifest: Invalid extension permission: mozillaAddons
1560345055681	addons.webextension.screenshots@mozilla.org	WARN	Loading extension 'screenshots@mozilla.org': Reading manifest: Invalid extension permission: resource://pdf.js/
1560345055681	addons.webextension.screenshots@mozilla.org	WARN	Loading extension 'screenshots@mozilla.org': Reading manifest: Invalid extension permission: about:reader*
1560345060376	Marionette	INFO	Listening on port 41807
1560345060410	Marionette	WARN	TLS certificate errors will be ignored for this session
1560345086732	Marionette	INFO	Stopped listening on port 32803
console.error: BroadcastService: 
  receivedBroadcastMessage: handler for
  remote-settings/monitor_changes
  threw error:
  Message: Error: Polling for changes failed: NetworkError when attempting to fetch resource..
  Stack:
    remoteSettingsFunction/remoteSettings.pollChanges@resource://services-settings/remote-settings.js:190:13

[Parent 16256, Gecko_IOThread] WARNING: pipe error (81): Connection reset by peer: file /build/firefox-OLGGCZ/firefox-66.0.5+build1/ipc/chromium/src/chrome/common/ipc_channel_posix.cc, line 357
1560345421167	Marionette	INFO	Stopped listening on port 41807
1560358261236	mozrunner::runner	INFO	Running command: "/usr/bin/firefox" "-marionette" "-foreground" "-no-remote" "-profile" "/tmp/rust_mozprofile.mHzSlZrlkp6D"
1560358268038	addons.webextension.screenshots@mozilla.org	WARN	Loading extension 'screenshots@mozilla.org': Reading manifest: Invalid extension permission: mozillaAddons
1560358268039	addons.webextension.screenshots@mozilla.org	WARN	Loading extension 'screenshots@mozilla.org': Reading manifest: Invalid extension permission: resource://pdf.js/
1560358268039	addons.webextension.screenshots@mozilla.org	WARN	Loading extension 'screenshots@mozilla.org': Reading manifest: Invalid extension permission: about:reader*
1560358277242	Marionette	INFO	Listening on port 45059
1560358277379	Marionette	WARN	TLS certificate errors will be ignored for this session
1560358444404	mozrunner::runner	INFO	Running command: "/usr/bin/firefox" "-marionette" "-foreground" "-no-remote" "-profile" "/tmp/rust_mozprofile.g923hQZTUACC"
1560358445272	addons.webextension.screenshots@mozilla.org	WARN	Loading extension 'screenshots@mozilla.org': Reading manifest: Invalid extension permission: mozillaAddons
1560358445273	addons.webextension.screenshots@mozilla.org	WARN	Loading extension 'screenshots@mozilla.org': Reading manifest: Invalid extension permission: resource://pdf.js/
1560358445273	addons.webextension.screenshots@mozilla.org	WARN	Loading extension 'screenshots@mozilla.org': Reading manifest: Invalid extension permission: about:reader*
1560358450814	Marionette	INFO	Listening on port 37261
1560358450872	Marionette	WARN	TLS certificate errors will be ignored for this session
1560358460862	Marionette	INFO	Stopped listening on port 45059
1560358945428	Marionette	INFO	Stopped listening on port 37261
1560393294609	mozrunner::runner	INFO	Running command: "/usr/bin/firefox" "-marionette" "-foreground" "-no-remote" "-profile" "/tmp/rust_mozprofile.t4RfZEHnDwrX"
1560393296158	addons.webextension.screenshots@mozilla.org	WARN	Loading extension 'screenshots@mozilla.org': Reading manifest: Invalid extension permission: mozillaAddons
1560393296159	addons.webextension.screenshots@mozilla.org	WARN	Loading extension 'screenshots@mozilla.org': Reading manifest: Invalid extension permission: resource://pdf.js/
1560393296159	addons.webextension.screenshots@mozilla.org	WARN	Loading extension 'screenshots@mozilla.org': Reading manifest: Invalid extension permission: about:reader*
1560393302087	Marionette	INFO	Listening on port 43519
1560393302260	Marionette	WARN	TLS certificate errors will be ignored for this session
console.error: BroadcastService: 
  receivedBroadcastMessage: handler for
  remote-settings/monitor_changes
  threw error:
  Message: Error: Polling for changes failed: NetworkError when attempting to fetch resource..
  Stack:
    remoteSettingsFunction/remoteSettings.pollChanges@resource://services-settings/remote-settings.js:190:13

JavaScript warning: resource://devtools/client/shared/demangle.js, line 0: Successfully compiled asm.js code (total compilation time 210ms)
1560397479589	mozrunner::runner	INFO	Running command: "/usr/bin/firefox" "-marionette" "-foreground" "-no-remote" "-profile" "/tmp/rust_mozprofile.GN3eGf0KxK4v"
1560397480402	addons.webextension.screenshots@mozilla.org	WARN	Loading extension 'screenshots@mozilla.org': Reading manifest: Invalid extension permission: mozillaAddons
1560397480403	addons.webextension.screenshots@mozilla.org	WARN	Loading extension 'screenshots@mozilla.org': Reading manifest: Invalid extension permission: resource://pdf.js/
1560397480403	addons.webextension.screenshots@mozilla.org	WARN	Loading extension 'screenshots@mozilla.org': Reading manifest: Invalid extension permission: about:reader*
1560397485384	Marionette	INFO	Listening on port 43879
1560397485465	Marionette	WARN	TLS certificate errors will be ignored for this session
console.error: BroadcastService: 
  receivedBroadcastMessage: handler for
  remote-settings/monitor_changes
  threw error:
  Message: Error: Polling for changes failed: NetworkError when attempting to fetch resource..
  Stack:
    remoteSettingsFunction/remoteSettings.pollChanges@resource://services-settings/remote-settings.js:190:13

1560398322110	Marionette	INFO	Stopped listening on port 43879
1560398324275	Marionette	INFO	Stopped listening on port 43519
1560398361667	mozrunner::runner	INFO	Running command: "/usr/bin/firefox" "-marionette" "-foreground" "-no-remote" "-profile" "/tmp/rust_mozprofile.iwHuYQjat3S2"
1560398362493	addons.webextension.screenshots@mozilla.org	WARN	Loading extension 'screenshots@mozilla.org': Reading manifest: Invalid extension permission: mozillaAddons
1560398362494	addons.webextension.screenshots@mozilla.org	WARN	Loading extension 'screenshots@mozilla.org': Reading manifest: Invalid extension permission: resource://pdf.js/
1560398362494	addons.webextension.screenshots@mozilla.org	WARN	Loading extension 'screenshots@mozilla.org': Reading manifest: Invalid extension permission: about:reader*
1560398366962	Marionette	INFO	Listening on port 34133
1560398367039	Marionette	WARN	TLS certificate errors will be ignored for this session
1560398405082	Marionette	INFO	Stopped listening on port 34133
1560398452987	mozrunner::runner	INFO	Running command: "/usr/bin/firefox" "-marionette" "-foreground" "-no-remote" "-profile" "/tmp/rust_mozprofile.BwJUlesUkNsm"
1560398453830	addons.webextension.screenshots@mozilla.org	WARN	Loading extension 'screenshots@mozilla.org': Reading manifest: Invalid extension permission: mozillaAddons
1560398453830	addons.webextension.screenshots@mozilla.org	WARN	Loading extension 'screenshots@mozilla.org': Reading manifest: Invalid extension permission: resource://pdf.js/
1560398453831	addons.webextension.screenshots@mozilla.org	WARN	Loading extension 'screenshots@mozilla.org': Reading manifest: Invalid extension permission: about:reader*
1560398458470	Marionette	INFO	Listening on port 36869
1560398458538	Marionette	WARN	TLS certificate errors will be ignored for this session
1560398484878	mozrunner::runner	INFO	Running command: "/usr/bin/firefox" "-marionette" "-foreground" "-no-remote" "-profile" "/tmp/rust_mozprofile.ANhopT273rvX"
1560398485729	addons.webextension.screenshots@mozilla.org	WARN	Loading extension 'screenshots@mozilla.org': Reading manifest: Invalid extension permission: mozillaAddons
1560398485730	addons.webextension.screenshots@mozilla.org	WARN	Loading extension 'screenshots@mozilla.org': Reading manifest: Invalid extension permission: resource://pdf.js/
1560398485730	addons.webextension.screenshots@mozilla.org	WARN	Loading extension 'screenshots@mozilla.org': Reading manifest: Invalid extension permission: about:reader*
1560398490923	Marionette	INFO	Listening on port 46829
1560398491020	Marionette	WARN	TLS certificate errors will be ignored for this session
1560398520861	Marionette	INFO	Stopped listening on port 46829
1560398538435	Marionette	ERROR	[10737418241] No reply from Marionette:Register
JavaScript error: chrome://marionette/content/listener.js, line 459: TypeError: reply[0] is undefined
1560398541912	Marionette	INFO	Stopped listening on port 36869
1560402945042	mozrunner::runner	INFO	Running command: "/usr/bin/firefox" "-marionette" "-foreground" "-no-remote" "-profile" "/tmp/rust_mozprofile.dvkWMLa1t6HK"
1560402945880	addons.webextension.screenshots@mozilla.org	WARN	Loading extension 'screenshots@mozilla.org': Reading manifest: Invalid extension permission: mozillaAddons
1560402945881	addons.webextension.screenshots@mozilla.org	WARN	Loading extension 'screenshots@mozilla.org': Reading manifest: Invalid extension permission: resource://pdf.js/
1560402945881	addons.webextension.screenshots@mozilla.org	WARN	Loading extension 'screenshots@mozilla.org': Reading manifest: Invalid extension permission: about:reader*
1560402951448	Marionette	INFO	Listening on port 32897
1560402951524	Marionette	WARN	TLS certificate errors will be ignored for this session
1560402962459	Marionette	INFO	Stopped listening on port 32897
1560407373023	mozrunner::runner	INFO	Running command: "/usr/bin/firefox" "-marionette" "-foreground" "-no-remote" "-profile" "/tmp/rust_mozprofile.uAwePU4NTWp6"
1560407373859	addons.webextension.screenshots@mozilla.org	WARN	Loading extension 'screenshots@mozilla.org': Reading manifest: Invalid extension permission: mozillaAddons
1560407373860	addons.webextension.screenshots@mozilla.org	WARN	Loading extension 'screenshots@mozilla.org': Reading manifest: Invalid extension permission: resource://pdf.js/
1560407373860	addons.webextension.screenshots@mozilla.org	WARN	Loading extension 'screenshots@mozilla.org': Reading manifest: Invalid extension permission: about:reader*
1560407378800	Marionette	INFO	Listening on port 46139
1560407378874	Marionette	WARN	TLS certificate errors will be ignored for this session
console.error: BroadcastService: 
  receivedBroadcastMessage: handler for
  remote-settings/monitor_changes
  threw error:
  Message: Error: Polling for changes failed: NetworkError when attempting to fetch resource..
  Stack:
    remoteSettingsFunction/remoteSettings.pollChanges@resource://services-settings/remote-settings.js:190:13

1560412693839	mozrunner::runner	INFO	Running command: "/usr/bin/firefox" "-marionette" "-foreground" "-no-remote" "-profile" "/tmp/rust_mozprofile.zKWqCClOD1UF"
1560412694668	addons.webextension.screenshots@mozilla.org	WARN	Loading extension 'screenshots@mozilla.org': Reading manifest: Invalid extension permission: mozillaAddons
1560412694669	addons.webextension.screenshots@mozilla.org	WARN	Loading extension 'screenshots@mozilla.org': Reading manifest: Invalid extension permission: resource://pdf.js/
1560412694669	addons.webextension.screenshots@mozilla.org	WARN	Loading extension 'screenshots@mozilla.org': Reading manifest: Invalid extension permission: about:reader*
1560412699367	Marionette	INFO	Listening on port 39235
1560412699470	Marionette	WARN	TLS certificate errors will be ignored for this session
1560412779245	Marionette	INFO	Stopped listening on port 39235
1560412796051	mozrunner::runner	INFO	Running command: "/usr/bin/firefox" "-marionette" "-foreground" "-no-remote" "-profile" "/tmp/rust_mozprofile.dCPYZsMGab1s"
1560412796950	addons.webextension.screenshots@mozilla.org	WARN	Loading extension 'screenshots@mozilla.org': Reading manifest: Invalid extension permission: mozillaAddons
1560412796951	addons.webextension.screenshots@mozilla.org	WARN	Loading extension 'screenshots@mozilla.org': Reading manifest: Invalid extension permission: resource://pdf.js/
1560412796951	addons.webextension.screenshots@mozilla.org	WARN	Loading extension 'screenshots@mozilla.org': Reading manifest: Invalid extension permission: about:reader*
1560412801873	Marionette	INFO	Listening on port 42955
1560412801905	Marionette	WARN	TLS certificate errors will be ignored for this session
[Parent 11184, Gecko_IOThread] WARNING: pipe error (78): Connection reset by peer: file /build/firefox-OLGGCZ/firefox-66.0.5+build1/ipc/chromium/src/chrome/common/ipc_channel_posix.cc, line 357
1560412851842	Marionette	INFO	Stopped listening on port 46139

###!!! [Parent][RunMessage] Error: Channel closing: too late to send/recv, messages will be lost

1560413081481	mozrunner::runner	INFO	Running command: "/usr/bin/firefox" "-marionette" "-foreground" "-no-remote" "-profile" "/tmp/rust_mozprofile.UGNyGpAGfGr7"
1560413082313	addons.webextension.screenshots@mozilla.org	WARN	Loading extension 'screenshots@mozilla.org': Reading manifest: Invalid extension permission: mozillaAddons
1560413082314	addons.webextension.screenshots@mozilla.org	WARN	Loading extension 'screenshots@mozilla.org': Reading manifest: Invalid extension permission: resource://pdf.js/
1560413082314	addons.webextension.screenshots@mozilla.org	WARN	Loading extension 'screenshots@mozilla.org': Reading manifest: Invalid extension permission: about:reader*
1560413086983	Marionette	INFO	Listening on port 39821
1560413087082	Marionette	WARN	TLS certificate errors will be ignored for this session
console.error: BroadcastService: 
  receivedBroadcastMessage: handler for
  remote-settings/monitor_changes
  threw error:
  Message: Error: Polling for changes failed: NetworkError when attempting to fetch resource..
  Stack:
    remoteSettingsFunction/remoteSettings.pollChanges@resource://services-settings/remote-settings.js:190:13

1560413117584	Marionette	INFO	Stopped listening on port 39821
[Parent 13306, Gecko_IOThread] WARNING: pipe error (86): Connection reset by peer: file /build/firefox-OLGGCZ/firefox-66.0.5+build1/ipc/chromium/src/chrome/common/ipc_channel_posix.cc, line 357
[Parent 12968, Gecko_IOThread] WARNING: pipe error (79): Connection reset by peer: file /build/firefox-OLGGCZ/firefox-66.0.5+build1/ipc/chromium/src/chrome/common/ipc_channel_posix.cc, line 357
1560413553702	Marionette	INFO	Stopped listening on port 42955
